<?xml version="1.0" encoding="UTF-8"?>
<testng-results ignored="0" total="1" passed="1" failed="0" skipped="0">
  <reporter-output>
  </reporter-output>
  <suite started-at="2023-03-13T14:53:33 IST" name="Default suite" finished-at="2023-03-13T14:53:43 IST" duration-ms="9790">
    <groups>
    </groups>
    <test started-at="2023-03-13T14:53:33 IST" name="Default test" finished-at="2023-03-13T14:53:43 IST" duration-ms="9790">
      <class name="testCases.TestCase">
        <test-method is-config="true" signature="beforeTest()[pri:0, instance:testCases.TestCase@5c5eefef]" started-at="2023-03-13T14:53:33 IST" name="beforeTest" finished-at="2023-03-13T14:53:36 IST" duration-ms="2808" status="PASS">
          <reporter-output>
          </reporter-output>
        </test-method> <!-- beforeTest -->
        <test-method signature="testCreateGOC()[pri:1, instance:testCases.TestCase@5c5eefef]" started-at="2023-03-13T14:53:36 IST" name="testCreateGOC" finished-at="2023-03-13T14:53:43 IST" duration-ms="6954" status="PASS">
          <reporter-output>
          </reporter-output>
        </test-method> <!-- testCreateGOC -->
        <test-method is-config="true" signature="afterTest()[pri:0, instance:testCases.TestCase@5c5eefef]" started-at="2023-03-13T14:53:43 IST" name="afterTest" finished-at="2023-03-13T14:53:43 IST" duration-ms="1" status="PASS">
          <reporter-output>
          </reporter-output>
        </test-method> <!-- afterTest -->
      </class> <!-- testCases.TestCase -->
    </test> <!-- Default test -->
  </suite> <!-- Default suite -->
</testng-results>
